# JRE version: OpenJDK Runtime Environment (11.0.13) (build 11.0.13+0-b1751.21-8125866)
# Java VM: OpenJDK 64-Bit Server VM (11.0.13+0-b1751.21-8125866, mixed mode, tiered, compressed oops, g1 gc, windows-amd64)
Heap:
 garbage-first heap   total 627712K, used 535274K [0x0000000082600000, 0x0000000100000000)
  region size 1024K, 8 young (8192K), 4 survivors (4096K)
 Metaspace       used 77480K, capacity 78816K, committed 79056K, reserved 1120256K
  class space    used 8140K, capacity 8627K, committed 8700K, reserved 1048576K
GC Heap History (20 events):
Event: 61.069 GC heap before
{Heap before GC invocations=178 (full 0):
 garbage-first heap   total 543744K, used 539867K [0x0000000082600000, 0x0000000100000000)
  region size 1024K, 26 young (26624K), 3 survivors (3072K)
 Metaspace       used 77398K, capacity 78719K, committed 79056K, reserved 1120256K
  class space    used 8137K, capacity 8595K, committed 8700K, reserved 1048576K
}
Event: 61.077 GC heap after
{Heap after GC invocations=179 (full 0):
 garbage-first heap   total 544768K, used 517682K [0x0000000082600000, 0x0000000100000000)
  region size 1024K, 3 young (3072K), 3 survivors (3072K)
 Metaspace       used 77398K, capacity 78719K, committed 79056K, reserved 1120256K
  class space    used 8137K, capacity 8595K, committed 8700K, reserved 1048576K
}
Event: 61.285 GC heap before
{Heap before GC invocations=180 (full 0):
 garbage-first heap   total 544768K, used 541234K [0x0000000082600000, 0x0000000100000000)
  region size 1024K, 26 young (26624K), 3 survivors (3072K)
 Metaspace       used 77402K, capacity 78719K, committed 79056K, reserved 1120256K
  class space    used 8137K, capacity 8595K, committed 8700K, reserved 1048576K
}
Event: 61.291 GC heap after
{Heap after GC invocations=181 (full 0):
 garbage-first heap   total 546816K, used 519240K [0x0000000082600000, 0x0000000100000000)
  region size 1024K, 3 young (3072K), 3 survivors (3072K)
 Metaspace       used 77402K, capacity 78719K, committed 79056K, reserved 1120256K
  class space    used 8137K, capacity 8595K, committed 8700K, reserved 1048576K
}
Event: 61.578 GC heap before
{Heap before GC invocations=181 (full 0):
 garbage-first heap   total 546816K, used 542792K [0x0000000082600000, 0x0000000100000000)
  region size 1024K, 26 young (26624K), 3 survivors (3072K)
 Metaspace       used 77414K, capacity 78719K, committed 79056K, reserved 1120256K
  class space    used 8137K, capacity 8595K, committed 8700K, reserved 1048576K
}
Event: 61.584 GC heap after
{Heap after GC invocations=182 (full 0):
 garbage-first heap   total 548864K, used 521075K [0x0000000082600000, 0x0000000100000000)
  region size 1024K, 4 young (4096K), 4 survivors (4096K)
 Metaspace       used 77414K, capacity 78719K, committed 79056K, reserved 1120256K
  class space    used 8137K, capacity 8595K, committed 8700K, reserved 1048576K
}
Event: 61.857 GC heap before
{Heap before GC invocations=182 (full 0):
 garbage-first heap   total 548864K, used 543603K [0x0000000082600000, 0x0000000100000000)
  region size 1024K, 26 young (26624K), 4 survivors (4096K)
 Metaspace       used 77425K, capacity 78719K, committed 79056K, reserved 1120256K
  class space    used 8137K, capacity 8595K, committed 8700K, reserved 1048576K
}
Event: 61.862 GC heap after
{Heap after GC invocations=183 (full 0):
 garbage-first heap   total 550912K, used 522853K [0x0000000082600000, 0x0000000100000000)
  region size 1024K, 4 young (4096K), 4 survivors (4096K)
 Metaspace       used 77425K, capacity 78719K, committed 79056K, reserved 1120256K
  class space    used 8137K, capacity 8595K, committed 8700K, reserved 1048576K
}
Event: 62.058 GC heap before
{Heap before GC invocations=183 (full 0):
 garbage-first heap   total 550912K, used 545381K [0x0000000082600000, 0x0000000100000000)
  region size 1024K, 26 young (26624K), 4 survivors (4096K)
 Metaspace       used 77431K, capacity 78783K, committed 79056K, reserved 1120256K
  class space    used 8137K, capacity 8595K, committed 8700K, reserved 1048576K
}
Event: 62.062 GC heap after
{Heap after GC invocations=184 (full 0):
 garbage-first heap   total 550912K, used 523575K [0x0000000082600000, 0x0000000100000000)
  region size 1024K, 3 young (3072K), 3 survivors (3072K)
 Metaspace       used 77431K, capacity 78783K, committed 79056K, reserved 1120256K
  class space    used 8137K, capacity 8595K, committed 8700K, reserved 1048576K
}
Event: 62.349 GC heap before
{Heap before GC invocations=184 (full 0):
 garbage-first heap   total 550912K, used 547127K [0x0000000082600000, 0x0000000100000000)
  region size 1024K, 26 young (26624K), 3 survivors (3072K)
 Metaspace       used 77435K, capacity 78783K, committed 79056K, reserved 1120256K
  class space    used 8137K, capacity 8595K, committed 8700K, reserved 1048576K
}
Event: 62.354 GC heap after
{Heap after GC invocations=185 (full 0):
 garbage-first heap   total 552960K, used 525264K [0x0000000082600000, 0x0000000100000000)
  region size 1024K, 3 young (3072K), 3 survivors (3072K)
 Metaspace       used 77435K, capacity 78783K, committed 79056K, reserved 1120256K
  class space    used 8137K, capacity 8595K, committed 8700K, reserved 1048576K
}
Event: 62.736 GC heap before
{Heap before GC invocations=185 (full 0):
 garbage-first heap   total 552960K, used 549840K [0x0000000082600000, 0x0000000100000000)
  region size 1024K, 27 young (27648K), 3 survivors (3072K)
 Metaspace       used 77458K, capacity 78816K, committed 79056K, reserved 1120256K
  class space    used 8138K, capacity 8627K, committed 8700K, reserved 1048576K
}
Event: 62.748 GC heap after
{Heap after GC invocations=186 (full 0):
 garbage-first heap   total 556032K, used 527367K [0x0000000082600000, 0x0000000100000000)
  region size 1024K, 4 young (4096K), 4 survivors (4096K)
 Metaspace       used 77458K, capacity 78816K, committed 79056K, reserved 1120256K
  class space    used 8138K, capacity 8627K, committed 8700K, reserved 1048576K
}
Event: 63.039 GC heap before
{Heap before GC invocations=187 (full 0):
 garbage-first heap   total 556032K, used 550919K [0x0000000082600000, 0x0000000100000000)
  region size 1024K, 27 young (27648K), 4 survivors (4096K)
 Metaspace       used 77478K, capacity 78816K, committed 79056K, reserved 1120256K
  class space    used 8140K, capacity 8627K, committed 8700K, reserved 1048576K
}
Event: 63.046 GC heap after
{Heap after GC invocations=188 (full 0):
 garbage-first heap   total 557056K, used 528971K [0x0000000082600000, 0x0000000100000000)
  region size 1024K, 4 young (4096K), 4 survivors (4096K)
 Metaspace       used 77478K, capacity 78816K, committed 79056K, reserved 1120256K
  class space    used 8140K, capacity 8627K, committed 8700K, reserved 1048576K
}
Event: 63.279 GC heap before
{Heap before GC invocations=188 (full 0):
 garbage-first heap   total 557056K, used 552523K [0x0000000082600000, 0x0000000100000000)
  region size 1024K, 27 young (27648K), 4 survivors (4096K)
 Metaspace       used 77480K, capacity 78816K, committed 79056K, reserved 1120256K
  class space    used 8140K, capacity 8627K, committed 8700K, reserved 1048576K
}
Event: 63.285 GC heap after
{Heap after GC invocations=189 (full 0):
 garbage-first heap   total 559104K, used 530497K [0x0000000082600000, 0x0000000100000000)
  region size 1024K, 4 young (4096K), 4 survivors (4096K)
 Metaspace       used 77480K, capacity 78816K, committed 79056K, reserved 1120256K
  class space    used 8140K, capacity 8627K, committed 8700K, reserved 1048576K
}
Event: 63.577 GC heap before
{Heap before GC invocations=189 (full 0):
 garbage-first heap   total 559104K, used 554049K [0x0000000082600000, 0x0000000100000000)
  region size 1024K, 27 young (27648K), 4 survivors (4096K)
 Metaspace       used 77480K, capacity 78816K, committed 79056K, reserved 1120256K
  class space    used 8140K, capacity 8627K, committed 8700K, reserved 1048576K
}
Event: 63.582 GC heap after
{Heap after GC invocations=190 (full 0):
 garbage-first heap   total 561152K, used 532202K [0x0000000082600000, 0x0000000100000000)
  region size 1024K, 4 young (4096K), 4 survivors (4096K)
 Metaspace       used 77480K, capacity 78816K, committed 79056K, reserved 1120256K
  class space    used 8140K, capacity 8627K, committed 8700K, reserved 1048576K
}

