# JRE version: OpenJDK Runtime Environment (11.0.12+7) (build 11.0.12+7-b1504.28-7817840)
# Java VM: OpenJDK 64-Bit Server VM (11.0.12+7-b1504.28-7817840, mixed mode, tiered, compressed oops, g1 gc, windows-amd64)
Heap:
 garbage-first heap   total 155648K, used 34900K [0x0000000082600000, 0x0000000100000000)
  region size 1024K, 4 young (4096K), 4 survivors (4096K)
 Metaspace       used 46373K, capacity 46995K, committed 47232K, reserved 1091584K
  class space    used 5396K, capacity 5635K, committed 5760K, reserved 1048576K
GC Heap History (12 events):
Event: 3.003 GC heap before
{Heap before GC invocations=0 (full 0):
 garbage-first heap   total 129024K, used 27648K [0x0000000082600000, 0x0000000100000000)
  region size 1024K, 24 young (24576K), 0 survivors (0K)
 Metaspace       used 11597K, capacity 11759K, committed 11904K, reserved 1060864K
  class space    used 1067K, capacity 1108K, committed 1152K, reserved 1048576K
}
Event: 3.011 GC heap after
{Heap after GC invocations=1 (full 0):
 garbage-first heap   total 129024K, used 6125K [0x0000000082600000, 0x0000000100000000)
  region size 1024K, 3 young (3072K), 3 survivors (3072K)
 Metaspace       used 11597K, capacity 11759K, committed 11904K, reserved 1060864K
  class space    used 1067K, capacity 1108K, committed 1152K, reserved 1048576K
}
Event: 4.364 GC heap before
{Heap before GC invocations=1 (full 0):
 garbage-first heap   total 129024K, used 79853K [0x0000000082600000, 0x0000000100000000)
  region size 1024K, 75 young (76800K), 3 survivors (3072K)
 Metaspace       used 20028K, capacity 20275K, committed 20480K, reserved 1067008K
  class space    used 2111K, capacity 2209K, committed 2304K, reserved 1048576K
}
Event: 4.376 GC heap after
{Heap after GC invocations=2 (full 0):
 garbage-first heap   total 129024K, used 9805K [0x0000000082600000, 0x0000000100000000)
  region size 1024K, 7 young (7168K), 7 survivors (7168K)
 Metaspace       used 20028K, capacity 20275K, committed 20480K, reserved 1067008K
  class space    used 2111K, capacity 2209K, committed 2304K, reserved 1048576K
}
Event: 4.477 GC heap before
{Heap before GC invocations=2 (full 0):
 garbage-first heap   total 129024K, used 12877K [0x0000000082600000, 0x0000000100000000)
  region size 1024K, 11 young (11264K), 7 survivors (7168K)
 Metaspace       used 20838K, capacity 21084K, committed 21248K, reserved 1069056K
  class space    used 2203K, capacity 2290K, committed 2304K, reserved 1048576K
}
Event: 4.493 GC heap after
{Heap after GC invocations=3 (full 0):
 garbage-first heap   total 129024K, used 10433K [0x0000000082600000, 0x0000000100000000)
  region size 1024K, 5 young (5120K), 5 survivors (5120K)
 Metaspace       used 20838K, capacity 21084K, committed 21248K, reserved 1069056K
  class space    used 2203K, capacity 2290K, committed 2304K, reserved 1048576K
}
Event: 7.131 GC heap before
{Heap before GC invocations=4 (full 0):
 garbage-first heap   total 129024K, used 74945K [0x0000000082600000, 0x0000000100000000)
  region size 1024K, 64 young (65536K), 5 survivors (5120K)
 Metaspace       used 31468K, capacity 31961K, committed 32384K, reserved 1077248K
  class space    used 3703K, capacity 3903K, committed 3968K, reserved 1048576K
}
Event: 7.163 GC heap after
{Heap after GC invocations=5 (full 0):
 garbage-first heap   total 129024K, used 22237K [0x0000000082600000, 0x0000000100000000)
  region size 1024K, 8 young (8192K), 8 survivors (8192K)
 Metaspace       used 31468K, capacity 31961K, committed 32384K, reserved 1077248K
  class space    used 3703K, capacity 3903K, committed 3968K, reserved 1048576K
}
Event: 7.992 GC heap before
{Heap before GC invocations=5 (full 0):
 garbage-first heap   total 129024K, used 46813K [0x0000000082600000, 0x0000000100000000)
  region size 1024K, 31 young (31744K), 8 survivors (8192K)
 Metaspace       used 34869K, capacity 35295K, committed 35584K, reserved 1081344K
  class space    used 4300K, capacity 4481K, committed 4608K, reserved 1048576K
}
Event: 8.017 GC heap after
{Heap after GC invocations=6 (full 0):
 garbage-first heap   total 129024K, used 28278K [0x0000000082600000, 0x0000000100000000)
  region size 1024K, 8 young (8192K), 8 survivors (8192K)
 Metaspace       used 34869K, capacity 35295K, committed 35584K, reserved 1081344K
  class space    used 4300K, capacity 4481K, committed 4608K, reserved 1048576K
}
Event: 9.536 GC heap before
{Heap before GC invocations=7 (full 0):
 garbage-first heap   total 129024K, used 75382K [0x0000000082600000, 0x0000000100000000)
  region size 1024K, 52 young (53248K), 8 survivors (8192K)
 Metaspace       used 42434K, capacity 42968K, committed 43264K, reserved 1087488K
  class space    used 5049K, capacity 5265K, committed 5376K, reserved 1048576K
}
Event: 9.563 GC heap after
{Heap after GC invocations=8 (full 0):
 garbage-first heap   total 129024K, used 31212K [0x0000000082600000, 0x0000000100000000)
  region size 1024K, 5 young (5120K), 5 survivors (5120K)
 Metaspace       used 42434K, capacity 42968K, committed 43264K, reserved 1087488K
  class space    used 5049K, capacity 5265K, committed 5376K, reserved 1048576K
}

