# JRE version: OpenJDK Runtime Environment (11.0.13) (build 11.0.13+0-b1751.21-8125866)
# Java VM: OpenJDK 64-Bit Server VM (11.0.13+0-b1751.21-8125866, mixed mode, tiered, compressed oops, g1 gc, windows-amd64)
Heap:
 garbage-first heap   total 539648K, used 533834K [0x0000000082600000, 0x0000000100000000)
  region size 1024K, 24 young (24576K), 2 survivors (2048K)
 Metaspace       used 77353K, capacity 78653K, committed 78800K, reserved 1120256K
  class space    used 8136K, capacity 8595K, committed 8704K, reserved 1048576K
GC Heap History (20 events):
Event: 57.970 GC heap before
{Heap before GC invocations=198 (full 0):
 garbage-first heap   total 521216K, used 517821K [0x0000000082600000, 0x0000000100000000)
  region size 1024K, 25 young (25600K), 3 survivors (3072K)
 Metaspace       used 76956K, capacity 78323K, committed 78544K, reserved 1120256K
  class space    used 8116K, capacity 8595K, committed 8704K, reserved 1048576K
}
Event: 57.974 GC heap after
{Heap after GC invocations=199 (full 0):
 garbage-first heap   total 523264K, used 496676K [0x0000000082600000, 0x0000000100000000)
  region size 1024K, 3 young (3072K), 3 survivors (3072K)
 Metaspace       used 76956K, capacity 78323K, committed 78544K, reserved 1120256K
  class space    used 8116K, capacity 8595K, committed 8704K, reserved 1048576K
}
Event: 58.155 GC heap before
{Heap before GC invocations=199 (full 0):
 garbage-first heap   total 523264K, used 519204K [0x0000000082600000, 0x0000000100000000)
  region size 1024K, 25 young (25600K), 3 survivors (3072K)
 Metaspace       used 76974K, capacity 78324K, committed 78544K, reserved 1120256K
  class space    used 8116K, capacity 8595K, committed 8704K, reserved 1048576K
}
Event: 58.159 GC heap after
{Heap after GC invocations=200 (full 0):
 garbage-first heap   total 524288K, used 497981K [0x0000000082600000, 0x0000000100000000)
  region size 1024K, 3 young (3072K), 3 survivors (3072K)
 Metaspace       used 76974K, capacity 78324K, committed 78544K, reserved 1120256K
  class space    used 8116K, capacity 8595K, committed 8704K, reserved 1048576K
}
Event: 58.339 GC heap before
{Heap before GC invocations=200 (full 0):
 garbage-first heap   total 524288K, used 520509K [0x0000000082600000, 0x0000000100000000)
  region size 1024K, 25 young (25600K), 3 survivors (3072K)
 Metaspace       used 77010K, capacity 78388K, committed 78544K, reserved 1120256K
  class space    used 8116K, capacity 8595K, committed 8704K, reserved 1048576K
}
Event: 58.343 GC heap after
{Heap after GC invocations=201 (full 0):
 garbage-first heap   total 525312K, used 499534K [0x0000000082600000, 0x0000000100000000)
  region size 1024K, 3 young (3072K), 3 survivors (3072K)
 Metaspace       used 77010K, capacity 78388K, committed 78544K, reserved 1120256K
  class space    used 8116K, capacity 8595K, committed 8704K, reserved 1048576K
}
Event: 58.528 GC heap before
{Heap before GC invocations=201 (full 0):
 garbage-first heap   total 525312K, used 522062K [0x0000000082600000, 0x0000000100000000)
  region size 1024K, 25 young (25600K), 3 survivors (3072K)
 Metaspace       used 77023K, capacity 78388K, committed 78544K, reserved 1120256K
  class space    used 8116K, capacity 8595K, committed 8704K, reserved 1048576K
}
Event: 58.532 GC heap after
{Heap after GC invocations=202 (full 0):
 garbage-first heap   total 527360K, used 500686K [0x0000000082600000, 0x0000000100000000)
  region size 1024K, 3 young (3072K), 3 survivors (3072K)
 Metaspace       used 77023K, capacity 78388K, committed 78544K, reserved 1120256K
  class space    used 8116K, capacity 8595K, committed 8704K, reserved 1048576K
}
Event: 58.725 GC heap before
{Heap before GC invocations=202 (full 0):
 garbage-first heap   total 527360K, used 523214K [0x0000000082600000, 0x0000000100000000)
  region size 1024K, 25 young (25600K), 3 survivors (3072K)
 Metaspace       used 77033K, capacity 78388K, committed 78544K, reserved 1120256K
  class space    used 8116K, capacity 8595K, committed 8704K, reserved 1048576K
}
Event: 58.734 GC heap after
{Heap after GC invocations=203 (full 0):
 garbage-first heap   total 528384K, used 502324K [0x0000000082600000, 0x0000000100000000)
  region size 1024K, 3 young (3072K), 3 survivors (3072K)
 Metaspace       used 77033K, capacity 78388K, committed 78544K, reserved 1120256K
  class space    used 8116K, capacity 8595K, committed 8704K, reserved 1048576K
}
Event: 59.155 GC heap before
{Heap before GC invocations=204 (full 0):
 garbage-first heap   total 528384K, used 524852K [0x0000000082600000, 0x0000000100000000)
  region size 1024K, 25 young (25600K), 3 survivors (3072K)
 Metaspace       used 77133K, capacity 78455K, committed 78800K, reserved 1120256K
  class space    used 8136K, capacity 8595K, committed 8704K, reserved 1048576K
}
Event: 59.161 GC heap after
{Heap after GC invocations=205 (full 0):
 garbage-first heap   total 531456K, used 504282K [0x0000000082600000, 0x0000000100000000)
  region size 1024K, 4 young (4096K), 4 survivors (4096K)
 Metaspace       used 77133K, capacity 78455K, committed 78800K, reserved 1120256K
  class space    used 8136K, capacity 8595K, committed 8704K, reserved 1048576K
}
Event: 59.363 GC heap before
{Heap before GC invocations=205 (full 0):
 garbage-first heap   total 531456K, used 525786K [0x0000000082600000, 0x0000000100000000)
  region size 1024K, 25 young (25600K), 4 survivors (4096K)
 Metaspace       used 77249K, capacity 78588K, committed 78800K, reserved 1120256K
  class space    used 8136K, capacity 8595K, committed 8704K, reserved 1048576K
}
Event: 59.368 GC heap after
{Heap after GC invocations=206 (full 0):
 garbage-first heap   total 532480K, used 506114K [0x0000000082600000, 0x0000000100000000)
  region size 1024K, 4 young (4096K), 4 survivors (4096K)
 Metaspace       used 77249K, capacity 78588K, committed 78800K, reserved 1120256K
  class space    used 8136K, capacity 8595K, committed 8704K, reserved 1048576K
}
Event: 59.605 GC heap before
{Heap before GC invocations=206 (full 0):
 garbage-first heap   total 532480K, used 528642K [0x0000000082600000, 0x0000000100000000)
  region size 1024K, 26 young (26624K), 4 survivors (4096K)
 Metaspace       used 77335K, capacity 78653K, committed 78800K, reserved 1120256K
  class space    used 8136K, capacity 8595K, committed 8704K, reserved 1048576K
}
Event: 59.611 GC heap after
{Heap after GC invocations=207 (full 0):
 garbage-first heap   total 535552K, used 507801K [0x0000000082600000, 0x0000000100000000)
  region size 1024K, 4 young (4096K), 4 survivors (4096K)
 Metaspace       used 77335K, capacity 78653K, committed 78800K, reserved 1120256K
  class space    used 8136K, capacity 8595K, committed 8704K, reserved 1048576K
}
Event: 59.796 GC heap before
{Heap before GC invocations=207 (full 0):
 garbage-first heap   total 535552K, used 530329K [0x0000000082600000, 0x0000000100000000)
  region size 1024K, 26 young (26624K), 4 survivors (4096K)
 Metaspace       used 77336K, capacity 78653K, committed 78800K, reserved 1120256K
  class space    used 8136K, capacity 8595K, committed 8704K, reserved 1048576K
}
Event: 59.802 GC heap after
{Heap after GC invocations=208 (full 0):
 garbage-first heap   total 537600K, used 509763K [0x0000000082600000, 0x0000000100000000)
  region size 1024K, 4 young (4096K), 4 survivors (4096K)
 Metaspace       used 77336K, capacity 78653K, committed 78800K, reserved 1120256K
  class space    used 8136K, capacity 8595K, committed 8704K, reserved 1048576K
}
Event: 59.983 GC heap before
{Heap before GC invocations=208 (full 0):
 garbage-first heap   total 537600K, used 532291K [0x0000000082600000, 0x0000000100000000)
  region size 1024K, 26 young (26624K), 4 survivors (4096K)
 Metaspace       used 77338K, capacity 78653K, committed 78800K, reserved 1120256K
  class space    used 8136K, capacity 8595K, committed 8704K, reserved 1048576K
}
Event: 59.988 GC heap after
{Heap after GC invocations=209 (full 0):
 garbage-first heap   total 538624K, used 511429K [0x0000000082600000, 0x0000000100000000)
  region size 1024K, 4 young (4096K), 4 survivors (4096K)
 Metaspace       used 77338K, capacity 78653K, committed 78800K, reserved 1120256K
  class space    used 8136K, capacity 8595K, committed 8704K, reserved 1048576K
}

